[27Jan2025 00:00:09.189] [Server thread/WARN] [net.minecraft.server.MinecraftServer/]: Can't keep up! Is the server overloaded? Running 2003ms or 40 ticks behind
[27Jan2025 00:00:38.840] [Server thread/WARN] [net.minecraft.server.MinecraftServer/]: Can't keep up! Is the server overloaded? Running 2004ms or 40 ticks behind
[27Jan2025 00:01:09.895] [Server thread/WARN] [net.minecraft.server.MinecraftServer/]: Can't keep up! Is the server overloaded? Running 2010ms or 40 ticks behind
[27Jan2025 00:01:27.666] [Server thread/WARN] [net.minecraft.server.MinecraftServer/]: Can't keep up! Is the server overloaded? Running 2030ms or 40 ticks behind
[27Jan2025 00:01:45.090] [Server thread/WARN] [net.minecraft.server.MinecraftServer/]: Can't keep up! Is the server overloaded? Running 2004ms or 40 ticks behind
[27Jan2025 00:02:02.094] [Server thread/WARN] [net.minecraft.server.MinecraftServer/]: Can't keep up! Is the server overloaded? Running 2008ms or 40 ticks behind
[27Jan2025 00:02:19.438] [Server thread/WARN] [net.minecraft.server.MinecraftServer/]: Can't keep up! Is the server overloaded? Running 2002ms or 40 ticks behind
[27Jan2025 00:02:40.765] [Server thread/WARN] [net.minecraft.server.MinecraftServer/]: Can't keep up! Is the server overloaded? Running 2030ms or 40 ticks behind
[27Jan2025 00:03:01.289] [Server thread/WARN] [net.minecraft.server.MinecraftServer/]: Can't keep up! Is the server overloaded? Running 2004ms or 40 ticks behind
[27Jan2025 00:03:20.041] [Server thread/WARN] [net.minecraft.server.MinecraftServer/]: Can't keep up! Is the server overloaded? Running 2005ms or 40 ticks behind
[27Jan2025 00:03:37.747] [Server thread/WARN] [net.minecraft.server.MinecraftServer/]: Can't keep up! Is the server overloaded? Running 2711ms or 54 ticks behind
[27Jan2025 00:03:55.165] [Server thread/WARN] [net.minecraft.server.MinecraftServer/]: Can't keep up! Is the server overloaded? Running 2430ms or 48 ticks behind
[27Jan2025 00:04:13.063] [Server thread/WARN] [net.minecraft.server.MinecraftServer/]: Can't keep up! Is the server overloaded? Running 2928ms or 58 ticks behind
[27Jan2025 00:04:31.488] [Server thread/WARN] [net.minecraft.server.MinecraftServer/]: Can't keep up! Is the server overloaded? Running 2002ms or 40 ticks behind
[27Jan2025 00:04:41.998] [Server thread/INFO] [net.minecraft.server.MinecraftServer/]: [Not Secure] <EmBsNi> listo
[27Jan2025 00:04:46.626] [Server thread/INFO] [net.minecraft.server.MinecraftServer/]: [Not Secure] <EmBsNi> me costo
[27Jan2025 00:10:46.943] [Server thread/INFO] [net.minecraft.server.MinecraftServer/]: Stopping server
[27Jan2025 00:10:46.965] [Server thread/INFO] [net.minecraft.server.MinecraftServer/]: Saving players
[27Jan2025 00:10:47.047] [Server thread/INFO] [net.minecraft.server.network.ServerGamePacketListenerImpl/]: elbasado33 lost connection: Server closed
[27Jan2025 00:10:47.048] [Server thread/INFO] [net.minecraft.server.MinecraftServer/]: elbasado33 left the game
[27Jan2025 00:10:47.095] [Server thread/INFO] [net.minecraft.server.MinecraftServer/]: Saving worlds
[27Jan2025 00:10:48.345] [Server thread/INFO] [net.minecraft.server.MinecraftServer/]: Saving chunks for level 'ServerLevel[world]'/minecraft:overworld
[27Jan2025 00:10:49.597] [Server thread/INFO] [net.minecraft.server.MinecraftServer/]: Saving chunks for level 'ServerLevel[world]'/minecraft:the_nether
[27Jan2025 00:10:49.667] [Server thread/INFO] [net.minecraft.server.MinecraftServer/]: Saving chunks for level 'ServerLevel[world]'/minecraft:the_end
[27Jan2025 00:10:49.724] [Server thread/INFO] [net.minecraft.server.MinecraftServer/]: ThreadedAnvilChunkStorage (world): All chunks are saved
[27Jan2025 00:10:49.725] [Server thread/INFO] [net.minecraft.server.MinecraftServer/]: ThreadedAnvilChunkStorage (DIM-1): All chunks are saved
[27Jan2025 00:10:49.726] [Server thread/INFO] [net.minecraft.server.MinecraftServer/]: ThreadedAnvilChunkStorage (DIM1): All chunks are saved
[27Jan2025 00:10:49.727] [Server thread/INFO] [net.minecraft.server.MinecraftServer/]: ThreadedAnvilChunkStorage: All dimensions are saved
